<?xml version="1.0" encoding="UTF-8"?>
<testsuite xmlns:xsi="http://www.w3.org/2001/XMLSchema-instance" xsi:noNamespaceSchemaLocation="https://maven.apache.org/surefire/maven-surefire-plugin/xsd/surefire-test-report-3.0.xsd" version="3.0" name="ru.hse.hw02.MakeTeamsTest" time="0.164" tests="33" errors="0" skipped="0" failures="0">
  <properties>
[...]
</properties>
  <testcase name="countMembersWithCertainAmountOfTeams(int)[1]" classname="ru.hse.hw02.MakeTeamsTest" time="0.034"/>
  <testcase name="countMembersWithCertainAmountOfTeams(int)[2]" classname="ru.hse.hw02.MakeTeamsTest" time="0.002"/>
  <testcase name="countMembersWithCertainAmountOfTeams(int)[3]" classname="ru.hse.hw02.MakeTeamsTest" time="0.002"/>
  <testcase name="countMembersWithCertainAmountOfTeams(int)[4]" classname="ru.hse.hw02.MakeTeamsTest" time="0.002"/>
  <testcase name="countMembersWithCertainAmountOfTeams(int)[5]" classname="ru.hse.hw02.MakeTeamsTest" time="0.001"/>
  <testcase name="countMembersWithCertainAmountOfTeams(int)[6]" classname="ru.hse.hw02.MakeTeamsTest" time="0.002"/>
  <testcase name="countMembersWithCertainAmountOfTeams(int)[7]" classname="ru.hse.hw02.MakeTeamsTest" time="0.002"/>
  <testcase name="countMembersWithCertainAmountOfTeams(int)[8]" classname="ru.hse.hw02.MakeTeamsTest" time="0.002"/>
  <testcase name="countMembersWithCertainAmountOfTeams(int)[9]" classname="ru.hse.hw02.MakeTeamsTest" time="0.001"/>
  <testcase name="countMembersWithCertainAmountOfTeams(int)[10]" classname="ru.hse.hw02.MakeTeamsTest" time="0.001"/>
  <testcase name="checkRepeatedNames(int)[1]" classname="ru.hse.hw02.MakeTeamsTest" time="0.002"/>
  <testcase name="checkRepeatedNames(int)[2]" classname="ru.hse.hw02.MakeTeamsTest" time="0.001"/>
  <testcase name="checkRepeatedNames(int)[3]" classname="ru.hse.hw02.MakeTeamsTest" time="0.001"/>
  <testcase name="checkRepeatedNames(int)[4]" classname="ru.hse.hw02.MakeTeamsTest" time="0.001"/>
  <testcase name="checkRepeatedNames(int)[5]" classname="ru.hse.hw02.MakeTeamsTest" time="0.001"/>
  <testcase name="checkRepeatedNames(int)[6]" classname="ru.hse.hw02.MakeTeamsTest" time="0.001"/>
  <testcase name="checkRepeatedNames(int)[7]" classname="ru.hse.hw02.MakeTeamsTest" time="0.001"/>
  <testcase name="checkRepeatedNames(int)[8]" classname="ru.hse.hw02.MakeTeamsTest" time="0.001"/>
  <testcase name="checkRepeatedNames(int)[9]" classname="ru.hse.hw02.MakeTeamsTest" time="0.001"/>
  <testcase name="checkRepeatedNames(int)[10]" classname="ru.hse.hw02.MakeTeamsTest" time="0.004"/>
  <testcase name="checkRepeatedTeams(int)[1]" classname="ru.hse.hw02.MakeTeamsTest" time="0.002"/>
  <testcase name="checkRepeatedTeams(int)[2]" classname="ru.hse.hw02.MakeTeamsTest" time="0.001"/>
  <testcase name="checkRepeatedTeams(int)[3]" classname="ru.hse.hw02.MakeTeamsTest" time="0.001"/>
  <testcase name="checkRepeatedTeams(int)[4]" classname="ru.hse.hw02.MakeTeamsTest" time="0.001"/>
  <testcase name="checkRepeatedTeams(int)[5]" classname="ru.hse.hw02.MakeTeamsTest" time="0.001"/>
  <testcase name="checkRepeatedTeams(int)[6]" classname="ru.hse.hw02.MakeTeamsTest" time="0.001"/>
  <testcase name="checkRepeatedTeams(int)[7]" classname="ru.hse.hw02.MakeTeamsTest" time="0.001"/>
  <testcase name="checkRepeatedTeams(int)[8]" classname="ru.hse.hw02.MakeTeamsTest" time="0.001"/>
  <testcase name="checkRepeatedTeams(int)[9]" classname="ru.hse.hw02.MakeTeamsTest" time="0.001"/>
  <testcase name="checkRepeatedTeams(int)[10]" classname="ru.hse.hw02.MakeTeamsTest" time="0.001"/>
  <testcase name="illegalAmountOfTeams(int)[1]" classname="ru.hse.hw02.MakeTeamsTest" time="0.001"/>
  <testcase name="illegalAmountOfTeams(int)[2]" classname="ru.hse.hw02.MakeTeamsTest" time="0"/>
  <testcase name="illegalAmountOfTeams(int)[3]" classname="ru.hse.hw02.MakeTeamsTest" time="0.001"/>
</testsuite>